<?xml version="1.0" encoding="UTF-8"?>
<testng-results skipped="0" failed="0" ignored="0" total="1" passed="1">
  <reporter-output>
  </reporter-output>
  <suite name="Default suite" duration-ms="17055" started-at="2018-12-27T13:38:11Z" finished-at="2018-12-27T13:38:28Z">
    <groups>
    </groups>
    <test name="Default test" duration-ms="17055" started-at="2018-12-27T13:38:11Z" finished-at="2018-12-27T13:38:28Z">
      <class name="pl.Main">
        <test-method status="PASS" signature="setUp()[pri:0, instance:pl.Main@6f28a07e]" name="setUp" is-config="true" duration-ms="10445" started-at="2018-12-27T14:38:11Z" finished-at="2018-12-27T14:38:21Z">
          <reporter-output>
          </reporter-output>
        </test-method> <!-- setUp -->
        <test-method status="PASS" signature="sizzerShopRegister()[pri:0, instance:pl.Main@6f28a07e]" name="sizzerShopRegister" duration-ms="6583" started-at="2018-12-27T14:38:21Z" finished-at="2018-12-27T14:38:28Z">
          <reporter-output>
          </reporter-output>
        </test-method> <!-- sizzerShopRegister -->
      </class> <!-- pl.Main -->
    </test> <!-- Default test -->
  </suite> <!-- Default suite -->
</testng-results>
